Class/Data/Inheritable.pm
Exception/Class.pm
Exception/Class/Base.pm
Devel/StackTrace.pm
Devel/StackTrace/Frame.pm
WGDev/Command.pm
WGDev/Asset.pm
WGDev/Command.pm
WGDev/Database.pm
WGDev/File.pm
WGDev/Help.pm
WGDev/Version.pm
WGDev/X.pm
WGDev/Command/Base/Verbosity.pm
WGDev/Command/Export/Branch.pm
WGDev/Command/For/Each.pm
WGDev/Command/Self/Upgrade.pm
WGDev/Command/Base.pm
WGDev/Command/Build.pm
WGDev/Command/Db.pm
WGDev/Command/Dist.pm
WGDev/Command/Group.pm
WGDev/Command/Guid.pm
WGDev/Command/Help.pm
WGDev/Command/Intro.pm
WGDev/Command/Mail.pm
WGDev/Command/Optimize.pm
WGDev/Command/Run.pm
WGDev/Command/Setting.pm
WGDev/Command/Test.pm
WGDev/Command/User.pm
WGDev/Command/Util.pm
WGDev/Command/Batchedit.pm
WGDev/Command/Commands.pm
WGDev/Command/Config.pm
WGDev/Command/Edit.pm
WGDev/Command/Export.pm
WGDev/Command/Import.pm
WGDev/Command/Ls.pm
WGDev/Command/Package.pm
WGDev/Command/Reset.pm
WGDev/Command/Trash.pm
WGDev/Command/Version.pm
